2022-05-16 19:38:25.603  INFO 642096 --- [main] c.e.c.CloudGatewayApplication            : Starting CloudGatewayApplication using Java 11.0.15 on terrence-ThinkPad-P53 with PID 642096 (/home/terrence/IdeaProjects/cloud-gateway/target/classes started by terrence in /home/terrence/IdeaProjects/cloud-gateway)
2022-05-16 19:38:25.605  INFO 642096 --- [main] c.e.c.CloudGatewayApplication            : No active profile set, falling back to 1 default profile: "default"
2022-05-16 19:38:25.627  INFO 642096 --- [main] o.s.c.c.c.ConfigServerConfigDataLoader   : Fetching config from server at : http://localhost:9196
2022-05-16 19:38:25.627  INFO 642096 --- [main] o.s.c.c.c.ConfigServerConfigDataLoader   : Located environment: name=GATEWAY-SERVICE, profiles=[default], label=null, version=fd0b009e5ba6fe8d90699ab33186a95201999ed4, state=null
2022-05-16 19:38:25.902  WARN 642096 --- [main] o.s.boot.actuate.endpoint.EndpointId     : Endpoint ID 'hystrix.stream' contains invalid characters, please migrate to a valid format.
2022-05-16 19:38:26.449  INFO 642096 --- [main] o.s.cloud.context.scope.GenericScope     : BeanFactory id=ad5eb6f0-ff5b-3838-98ce-21e82c0d9497
2022-05-16 19:38:26.600  INFO 642096 --- [main] trationDelegate$BeanPostProcessorChecker : Bean 'org.springframework.cloud.client.loadbalancer.reactive.LoadBalancerBeanPostProcessorAutoConfiguration' of type [org.springframework.cloud.client.loadbalancer.reactive.LoadBalancerBeanPostProcessorAutoConfiguration] is not eligible for getting processed by all BeanPostProcessors (for example: not eligible for auto-proxying)
2022-05-16 19:38:26.603  INFO 642096 --- [main] trationDelegate$BeanPostProcessorChecker : Bean 'org.springframework.cloud.client.loadbalancer.reactive.LoadBalancerBeanPostProcessorAutoConfiguration$ReactorDeferringLoadBalancerFilterConfig' of type [org.springframework.cloud.client.loadbalancer.reactive.LoadBalancerBeanPostProcessorAutoConfiguration$ReactorDeferringLoadBalancerFilterConfig] is not eligible for getting processed by all BeanPostProcessors (for example: not eligible for auto-proxying)
2022-05-16 19:38:26.605  INFO 642096 --- [main] trationDelegate$BeanPostProcessorChecker : Bean 'reactorDeferringLoadBalancerExchangeFilterFunction' of type [org.springframework.cloud.client.loadbalancer.reactive.DeferringLoadBalancerExchangeFilterFunction] is not eligible for getting processed by all BeanPostProcessors (for example: not eligible for auto-proxying)
2022-05-16 19:38:26.899  WARN 642096 --- [main] c.n.c.sources.URLConfigurationSource     : No URLs will be polled as dynamic configuration sources.
2022-05-16 19:38:26.900  INFO 642096 --- [main] c.n.c.sources.URLConfigurationSource     : To enable URLs as dynamic configuration sources, define System property archaius.configurationSource.additionalUrls or make config.properties available on classpath.
2022-05-16 19:38:26.905  INFO 642096 --- [main] c.netflix.config.DynamicPropertyFactory  : DynamicPropertyFactory is initialized with configuration sources: com.netflix.config.ConcurrentCompositeConfiguration@3a38e4dc
2022-05-16 19:38:26.981  WARN 642096 --- [main] c.n.c.sources.URLConfigurationSource     : No URLs will be polled as dynamic configuration sources.
2022-05-16 19:38:26.981  INFO 642096 --- [main] c.n.c.sources.URLConfigurationSource     : To enable URLs as dynamic configuration sources, define System property archaius.configurationSource.additionalUrls or make config.properties available on classpath.
2022-05-16 19:38:27.851  INFO 642096 --- [main] o.s.c.g.r.RouteDefinitionRouteLocator    : Loaded RoutePredicateFactory [After]
2022-05-16 19:38:27.851  INFO 642096 --- [main] o.s.c.g.r.RouteDefinitionRouteLocator    : Loaded RoutePredicateFactory [Before]
2022-05-16 19:38:27.851  INFO 642096 --- [main] o.s.c.g.r.RouteDefinitionRouteLocator    : Loaded RoutePredicateFactory [Between]
2022-05-16 19:38:27.851  INFO 642096 --- [main] o.s.c.g.r.RouteDefinitionRouteLocator    : Loaded RoutePredicateFactory [Cookie]
2022-05-16 19:38:27.851  INFO 642096 --- [main] o.s.c.g.r.RouteDefinitionRouteLocator    : Loaded RoutePredicateFactory [Header]
2022-05-16 19:38:27.851  INFO 642096 --- [main] o.s.c.g.r.RouteDefinitionRouteLocator    : Loaded RoutePredicateFactory [Host]
2022-05-16 19:38:27.851  INFO 642096 --- [main] o.s.c.g.r.RouteDefinitionRouteLocator    : Loaded RoutePredicateFactory [Method]
2022-05-16 19:38:27.851  INFO 642096 --- [main] o.s.c.g.r.RouteDefinitionRouteLocator    : Loaded RoutePredicateFactory [Path]
2022-05-16 19:38:27.851  INFO 642096 --- [main] o.s.c.g.r.RouteDefinitionRouteLocator    : Loaded RoutePredicateFactory [Query]
2022-05-16 19:38:27.852  INFO 642096 --- [main] o.s.c.g.r.RouteDefinitionRouteLocator    : Loaded RoutePredicateFactory [ReadBody]
2022-05-16 19:38:27.852  INFO 642096 --- [main] o.s.c.g.r.RouteDefinitionRouteLocator    : Loaded RoutePredicateFactory [RemoteAddr]
2022-05-16 19:38:27.852  INFO 642096 --- [main] o.s.c.g.r.RouteDefinitionRouteLocator    : Loaded RoutePredicateFactory [XForwardedRemoteAddr]
2022-05-16 19:38:27.852  INFO 642096 --- [main] o.s.c.g.r.RouteDefinitionRouteLocator    : Loaded RoutePredicateFactory [Weight]
2022-05-16 19:38:27.852  INFO 642096 --- [main] o.s.c.g.r.RouteDefinitionRouteLocator    : Loaded RoutePredicateFactory [CloudFoundryRouteService]
2022-05-16 19:38:28.675  INFO 642096 --- [main] o.s.b.a.e.web.EndpointLinksResolver      : Exposing 1 endpoint(s) beneath base path '/actuator'
2022-05-16 19:38:28.932  INFO 642096 --- [main] DiscoveryClientOptionalArgsConfiguration : Eureka HTTP Client uses RestTemplate.
2022-05-16 19:38:29.001  WARN 642096 --- [main] iguration$LoadBalancerCaffeineWarnLogger : Spring Cloud LoadBalancer is currently working with the default cache. While this cache implementation is useful for development and tests, it's recommended to use Caffeine cache in production.You can switch to using Caffeine cache, by adding it and org.springframework.cache.caffeine.CaffeineCacheManager to the classpath.
2022-05-16 19:38:29.047  INFO 642096 --- [main] o.s.c.n.eureka.InstanceInfoFactory       : Setting initial instance status as: STARTING
2022-05-16 19:38:29.067  INFO 642096 --- [main] com.netflix.discovery.DiscoveryClient    : Initializing Eureka in region us-east-1
2022-05-16 19:38:29.070  INFO 642096 --- [main] c.n.d.s.r.aws.ConfigClusterResolver      : Resolving eureka endpoints via configuration
2022-05-16 19:38:29.080  INFO 642096 --- [main] com.netflix.discovery.DiscoveryClient    : Disable delta property : false
2022-05-16 19:38:29.080  INFO 642096 --- [main] com.netflix.discovery.DiscoveryClient    : Single vip registry refresh property : null
2022-05-16 19:38:29.080  INFO 642096 --- [main] com.netflix.discovery.DiscoveryClient    : Force full registry fetch : false
2022-05-16 19:38:29.080  INFO 642096 --- [main] com.netflix.discovery.DiscoveryClient    : Application is null : false
2022-05-16 19:38:29.080  INFO 642096 --- [main] com.netflix.discovery.DiscoveryClient    : Registered Applications size is zero : true
2022-05-16 19:38:29.080  INFO 642096 --- [main] com.netflix.discovery.DiscoveryClient    : Application version is -1: true
2022-05-16 19:38:29.080  INFO 642096 --- [main] com.netflix.discovery.DiscoveryClient    : Getting all instance registry info from the eureka server
2022-05-16 19:38:29.249  INFO 642096 --- [main] com.netflix.discovery.DiscoveryClient    : The response status is 200
2022-05-16 19:38:29.251  INFO 642096 --- [main] com.netflix.discovery.DiscoveryClient    : Starting heartbeat executor: renew interval is: 30
2022-05-16 19:38:29.252  INFO 642096 --- [main] c.n.discovery.InstanceInfoReplicator     : InstanceInfoReplicator onDemand update allowed rate per min is 4
2022-05-16 19:38:29.255  INFO 642096 --- [main] com.netflix.discovery.DiscoveryClient    : Discovery Client initialized at timestamp 1652722709254 with initial instances count: 0
2022-05-16 19:38:29.262  INFO 642096 --- [main] o.s.c.n.e.s.EurekaServiceRegistry        : Registering application GATEWAY-SERVICE with eureka with status UP
2022-05-16 19:38:29.262  INFO 642096 --- [main] com.netflix.discovery.DiscoveryClient    : Saw local status change event StatusChangeEvent [timestamp=1652722709262, current=UP, previous=STARTING]
2022-05-16 19:38:29.264  INFO 642096 --- [DiscoveryClient-InstanceInfoReplicator-0] com.netflix.discovery.DiscoveryClient    : DiscoveryClient_GATEWAY-SERVICE/192.168.247.129:GATEWAY-SERVICE:8989: registering service...
2022-05-16 19:38:29.291  INFO 642096 --- [DiscoveryClient-InstanceInfoReplicator-0] com.netflix.discovery.DiscoveryClient    : DiscoveryClient_GATEWAY-SERVICE/192.168.247.129:GATEWAY-SERVICE:8989 - registration status: 204
2022-05-16 19:38:29.325  INFO 642096 --- [main] o.s.b.web.embedded.netty.NettyWebServer  : Netty started on port 8989
2022-05-16 19:38:29.325  INFO 642096 --- [main] .s.c.n.e.s.EurekaAutoServiceRegistration : Updating port to 8989
2022-05-16 19:38:29.623  INFO 642096 --- [main] c.e.c.CloudGatewayApplication            : Started CloudGatewayApplication in 10.179 seconds (JVM running for 10.823)
2022-05-16 19:38:59.258  INFO 642096 --- [DiscoveryClient-CacheRefreshExecutor-0] com.netflix.discovery.DiscoveryClient    : Disable delta property : false
2022-05-16 19:38:59.259  INFO 642096 --- [DiscoveryClient-CacheRefreshExecutor-0] com.netflix.discovery.DiscoveryClient    : Single vip registry refresh property : null
2022-05-16 19:38:59.259  INFO 642096 --- [DiscoveryClient-CacheRefreshExecutor-0] com.netflix.discovery.DiscoveryClient    : Force full registry fetch : false
2022-05-16 19:38:59.259  INFO 642096 --- [DiscoveryClient-CacheRefreshExecutor-0] com.netflix.discovery.DiscoveryClient    : Application is null : false
2022-05-16 19:38:59.259  INFO 642096 --- [DiscoveryClient-CacheRefreshExecutor-0] com.netflix.discovery.DiscoveryClient    : Registered Applications size is zero : true
2022-05-16 19:38:59.259  INFO 642096 --- [DiscoveryClient-CacheRefreshExecutor-0] com.netflix.discovery.DiscoveryClient    : Application version is -1: false
2022-05-16 19:38:59.259  INFO 642096 --- [DiscoveryClient-CacheRefreshExecutor-0] com.netflix.discovery.DiscoveryClient    : Getting all instance registry info from the eureka server
2022-05-16 19:38:59.271  INFO 642096 --- [DiscoveryClient-CacheRefreshExecutor-0] com.netflix.discovery.DiscoveryClient    : The response status is 200
2022-05-16 19:43:29.083  INFO 642096 --- [AsyncResolver-bootstrap-executor-0] c.n.d.s.r.aws.ConfigClusterResolver      : Resolving eureka endpoints via configuration
2022-05-16 19:46:44.667  INFO 642096 --- [SpringApplicationShutdownHook] o.s.c.n.e.s.EurekaServiceRegistry        : Unregistering application GATEWAY-SERVICE with eureka with status DOWN
2022-05-16 19:46:44.667  INFO 642096 --- [SpringApplicationShutdownHook] com.netflix.discovery.DiscoveryClient    : Saw local status change event StatusChangeEvent [timestamp=1652723204667, current=DOWN, previous=UP]
2022-05-16 19:46:44.667  INFO 642096 --- [DiscoveryClient-InstanceInfoReplicator-0] com.netflix.discovery.DiscoveryClient    : DiscoveryClient_GATEWAY-SERVICE/192.168.247.129:GATEWAY-SERVICE:8989: registering service...
2022-05-16 19:46:44.671  INFO 642096 --- [DiscoveryClient-InstanceInfoReplicator-0] com.netflix.discovery.DiscoveryClient    : DiscoveryClient_GATEWAY-SERVICE/192.168.247.129:GATEWAY-SERVICE:8989 - registration status: 204
2022-05-16 19:46:46.705  INFO 642096 --- [SpringApplicationShutdownHook] com.netflix.discovery.DiscoveryClient    : Shutting down DiscoveryClient ...
2022-05-16 19:46:49.710  INFO 642096 --- [SpringApplicationShutdownHook] com.netflix.discovery.DiscoveryClient    : Unregistering ...
2022-05-16 19:46:49.720  INFO 642096 --- [SpringApplicationShutdownHook] com.netflix.discovery.DiscoveryClient    : DiscoveryClient_GATEWAY-SERVICE/192.168.247.129:GATEWAY-SERVICE:8989 - deregister  status: 200
2022-05-16 19:46:49.736  INFO 642096 --- [SpringApplicationShutdownHook] com.netflix.discovery.DiscoveryClient    : Completed shut down of DiscoveryClient
2022-05-16 19:47:00.163  INFO 654089 --- [main] c.e.c.CloudGatewayApplication            : Starting CloudGatewayApplication using Java 11.0.15 on terrence-ThinkPad-P53 with PID 654089 (/home/terrence/IdeaProjects/cloud-gateway/target/classes started by terrence in /home/terrence/IdeaProjects/cloud-gateway)
2022-05-16 19:47:00.165  INFO 654089 --- [main] c.e.c.CloudGatewayApplication            : No active profile set, falling back to 1 default profile: "default"
2022-05-16 19:47:00.194  INFO 654089 --- [main] o.s.c.c.c.ConfigServerConfigDataLoader   : Fetching config from server at : http://localhost:9196
2022-05-16 19:47:00.194  INFO 654089 --- [main] o.s.c.c.c.ConfigServerConfigDataLoader   : Located environment: name=GATEWAY-SERVICE, profiles=[default], label=null, version=fd0b009e5ba6fe8d90699ab33186a95201999ed4, state=null
2022-05-16 19:47:00.418  WARN 654089 --- [main] o.s.boot.actuate.endpoint.EndpointId     : Endpoint ID 'hystrix.stream' contains invalid characters, please migrate to a valid format.
2022-05-16 19:47:00.894  INFO 654089 --- [main] o.s.cloud.context.scope.GenericScope     : BeanFactory id=cea8da4a-c8db-39a7-8a82-d289bedeceeb
2022-05-16 19:47:01.035  INFO 654089 --- [main] trationDelegate$BeanPostProcessorChecker : Bean 'org.springframework.cloud.client.loadbalancer.reactive.LoadBalancerBeanPostProcessorAutoConfiguration' of type [org.springframework.cloud.client.loadbalancer.reactive.LoadBalancerBeanPostProcessorAutoConfiguration] is not eligible for getting processed by all BeanPostProcessors (for example: not eligible for auto-proxying)
2022-05-16 19:47:01.037  INFO 654089 --- [main] trationDelegate$BeanPostProcessorChecker : Bean 'org.springframework.cloud.client.loadbalancer.reactive.LoadBalancerBeanPostProcessorAutoConfiguration$ReactorDeferringLoadBalancerFilterConfig' of type [org.springframework.cloud.client.loadbalancer.reactive.LoadBalancerBeanPostProcessorAutoConfiguration$ReactorDeferringLoadBalancerFilterConfig] is not eligible for getting processed by all BeanPostProcessors (for example: not eligible for auto-proxying)
2022-05-16 19:47:01.039  INFO 654089 --- [main] trationDelegate$BeanPostProcessorChecker : Bean 'reactorDeferringLoadBalancerExchangeFilterFunction' of type [org.springframework.cloud.client.loadbalancer.reactive.DeferringLoadBalancerExchangeFilterFunction] is not eligible for getting processed by all BeanPostProcessors (for example: not eligible for auto-proxying)
2022-05-16 19:47:01.272  WARN 654089 --- [main] c.n.c.sources.URLConfigurationSource     : No URLs will be polled as dynamic configuration sources.
2022-05-16 19:47:01.272  INFO 654089 --- [main] c.n.c.sources.URLConfigurationSource     : To enable URLs as dynamic configuration sources, define System property archaius.configurationSource.additionalUrls or make config.properties available on classpath.
2022-05-16 19:47:01.276  INFO 654089 --- [main] c.netflix.config.DynamicPropertyFactory  : DynamicPropertyFactory is initialized with configuration sources: com.netflix.config.ConcurrentCompositeConfiguration@539fc5d1
2022-05-16 19:47:01.341  WARN 654089 --- [main] c.n.c.sources.URLConfigurationSource     : No URLs will be polled as dynamic configuration sources.
2022-05-16 19:47:01.341  INFO 654089 --- [main] c.n.c.sources.URLConfigurationSource     : To enable URLs as dynamic configuration sources, define System property archaius.configurationSource.additionalUrls or make config.properties available on classpath.
2022-05-16 19:47:02.165  INFO 654089 --- [main] o.s.c.g.r.RouteDefinitionRouteLocator    : Loaded RoutePredicateFactory [After]
2022-05-16 19:47:02.165  INFO 654089 --- [main] o.s.c.g.r.RouteDefinitionRouteLocator    : Loaded RoutePredicateFactory [Before]
2022-05-16 19:47:02.165  INFO 654089 --- [main] o.s.c.g.r.RouteDefinitionRouteLocator    : Loaded RoutePredicateFactory [Between]
2022-05-16 19:47:02.165  INFO 654089 --- [main] o.s.c.g.r.RouteDefinitionRouteLocator    : Loaded RoutePredicateFactory [Cookie]
2022-05-16 19:47:02.165  INFO 654089 --- [main] o.s.c.g.r.RouteDefinitionRouteLocator    : Loaded RoutePredicateFactory [Header]
2022-05-16 19:47:02.165  INFO 654089 --- [main] o.s.c.g.r.RouteDefinitionRouteLocator    : Loaded RoutePredicateFactory [Host]
2022-05-16 19:47:02.165  INFO 654089 --- [main] o.s.c.g.r.RouteDefinitionRouteLocator    : Loaded RoutePredicateFactory [Method]
2022-05-16 19:47:02.165  INFO 654089 --- [main] o.s.c.g.r.RouteDefinitionRouteLocator    : Loaded RoutePredicateFactory [Path]
2022-05-16 19:47:02.165  INFO 654089 --- [main] o.s.c.g.r.RouteDefinitionRouteLocator    : Loaded RoutePredicateFactory [Query]
2022-05-16 19:47:02.166  INFO 654089 --- [main] o.s.c.g.r.RouteDefinitionRouteLocator    : Loaded RoutePredicateFactory [ReadBody]
2022-05-16 19:47:02.166  INFO 654089 --- [main] o.s.c.g.r.RouteDefinitionRouteLocator    : Loaded RoutePredicateFactory [RemoteAddr]
2022-05-16 19:47:02.166  INFO 654089 --- [main] o.s.c.g.r.RouteDefinitionRouteLocator    : Loaded RoutePredicateFactory [XForwardedRemoteAddr]
2022-05-16 19:47:02.166  INFO 654089 --- [main] o.s.c.g.r.RouteDefinitionRouteLocator    : Loaded RoutePredicateFactory [Weight]
2022-05-16 19:47:02.166  INFO 654089 --- [main] o.s.c.g.r.RouteDefinitionRouteLocator    : Loaded RoutePredicateFactory [CloudFoundryRouteService]
2022-05-16 19:47:03.007  INFO 654089 --- [main] o.s.b.a.e.web.EndpointLinksResolver      : Exposing 1 endpoint(s) beneath base path '/actuator'
2022-05-16 19:47:03.269  INFO 654089 --- [main] DiscoveryClientOptionalArgsConfiguration : Eureka HTTP Client uses RestTemplate.
2022-05-16 19:47:03.405  INFO 654089 --- [main] o.s.c.n.eureka.InstanceInfoFactory       : Setting initial instance status as: STARTING
2022-05-16 19:47:03.422  INFO 654089 --- [main] com.netflix.discovery.DiscoveryClient    : Initializing Eureka in region us-east-1
2022-05-16 19:47:03.424  INFO 654089 --- [main] c.n.d.s.r.aws.ConfigClusterResolver      : Resolving eureka endpoints via configuration
2022-05-16 19:47:03.434  INFO 654089 --- [main] com.netflix.discovery.DiscoveryClient    : Disable delta property : false
2022-05-16 19:47:03.434  INFO 654089 --- [main] com.netflix.discovery.DiscoveryClient    : Single vip registry refresh property : null
2022-05-16 19:47:03.434  INFO 654089 --- [main] com.netflix.discovery.DiscoveryClient    : Force full registry fetch : false
2022-05-16 19:47:03.434  INFO 654089 --- [main] com.netflix.discovery.DiscoveryClient    : Application is null : false
2022-05-16 19:47:03.434  INFO 654089 --- [main] com.netflix.discovery.DiscoveryClient    : Registered Applications size is zero : true
2022-05-16 19:47:03.435  INFO 654089 --- [main] com.netflix.discovery.DiscoveryClient    : Application version is -1: true
2022-05-16 19:47:03.435  INFO 654089 --- [main] com.netflix.discovery.DiscoveryClient    : Getting all instance registry info from the eureka server
2022-05-16 19:47:03.587  INFO 654089 --- [main] com.netflix.discovery.DiscoveryClient    : The response status is 200
2022-05-16 19:47:03.589  INFO 654089 --- [main] com.netflix.discovery.DiscoveryClient    : Starting heartbeat executor: renew interval is: 30
2022-05-16 19:47:03.590  INFO 654089 --- [main] c.n.discovery.InstanceInfoReplicator     : InstanceInfoReplicator onDemand update allowed rate per min is 4
2022-05-16 19:47:03.593  INFO 654089 --- [main] com.netflix.discovery.DiscoveryClient    : Discovery Client initialized at timestamp 1652723223592 with initial instances count: 3
2022-05-16 19:47:03.600  INFO 654089 --- [main] o.s.c.n.e.s.EurekaServiceRegistry        : Registering application GATEWAY-SERVICE with eureka with status UP
2022-05-16 19:47:03.600  INFO 654089 --- [main] com.netflix.discovery.DiscoveryClient    : Saw local status change event StatusChangeEvent [timestamp=1652723223600, current=UP, previous=STARTING]
2022-05-16 19:47:03.601  INFO 654089 --- [DiscoveryClient-InstanceInfoReplicator-0] com.netflix.discovery.DiscoveryClient    : DiscoveryClient_GATEWAY-SERVICE/192.168.247.129:GATEWAY-SERVICE:8989: registering service...
2022-05-16 19:47:03.631  INFO 654089 --- [DiscoveryClient-InstanceInfoReplicator-0] com.netflix.discovery.DiscoveryClient    : DiscoveryClient_GATEWAY-SERVICE/192.168.247.129:GATEWAY-SERVICE:8989 - registration status: 204
2022-05-16 19:47:03.664  INFO 654089 --- [main] o.s.b.web.embedded.netty.NettyWebServer  : Netty started on port 8989
2022-05-16 19:47:03.665  INFO 654089 --- [main] .s.c.n.e.s.EurekaAutoServiceRegistration : Updating port to 8989
2022-05-16 19:47:03.970  INFO 654089 --- [main] c.e.c.CloudGatewayApplication            : Started CloudGatewayApplication in 9.944 seconds (JVM running for 10.493)
2022-05-16 19:52:03.436  INFO 654089 --- [AsyncResolver-bootstrap-executor-0] c.n.d.s.r.aws.ConfigClusterResolver      : Resolving eureka endpoints via configuration
2022-05-16 19:57:03.439  INFO 654089 --- [AsyncResolver-bootstrap-executor-0] c.n.d.s.r.aws.ConfigClusterResolver      : Resolving eureka endpoints via configuration
2022-05-16 20:02:03.441  INFO 654089 --- [AsyncResolver-bootstrap-executor-0] c.n.d.s.r.aws.ConfigClusterResolver      : Resolving eureka endpoints via configuration
2022-05-16 20:07:03.442  INFO 654089 --- [AsyncResolver-bootstrap-executor-0] c.n.d.s.r.aws.ConfigClusterResolver      : Resolving eureka endpoints via configuration
2022-05-16 20:12:03.442  INFO 654089 --- [AsyncResolver-bootstrap-executor-0] c.n.d.s.r.aws.ConfigClusterResolver      : Resolving eureka endpoints via configuration
2022-05-16 20:17:03.444  INFO 654089 --- [AsyncResolver-bootstrap-executor-0] c.n.d.s.r.aws.ConfigClusterResolver      : Resolving eureka endpoints via configuration
2022-05-16 20:22:03.445  INFO 654089 --- [AsyncResolver-bootstrap-executor-0] c.n.d.s.r.aws.ConfigClusterResolver      : Resolving eureka endpoints via configuration
2022-05-16 20:27:03.446  INFO 654089 --- [AsyncResolver-bootstrap-executor-0] c.n.d.s.r.aws.ConfigClusterResolver      : Resolving eureka endpoints via configuration
2022-05-16 20:32:03.447  INFO 654089 --- [AsyncResolver-bootstrap-executor-0] c.n.d.s.r.aws.ConfigClusterResolver      : Resolving eureka endpoints via configuration
2022-05-16 20:37:03.449  INFO 654089 --- [AsyncResolver-bootstrap-executor-0] c.n.d.s.r.aws.ConfigClusterResolver      : Resolving eureka endpoints via configuration
2022-05-16 20:37:53.046  INFO 654089 --- [SpringApplicationShutdownHook] o.s.c.n.e.s.EurekaServiceRegistry        : Unregistering application GATEWAY-SERVICE with eureka with status DOWN
2022-05-16 20:37:53.047  INFO 654089 --- [SpringApplicationShutdownHook] com.netflix.discovery.DiscoveryClient    : Saw local status change event StatusChangeEvent [timestamp=1652726273047, current=DOWN, previous=UP]
2022-05-16 20:37:53.047  INFO 654089 --- [DiscoveryClient-InstanceInfoReplicator-0] com.netflix.discovery.DiscoveryClient    : DiscoveryClient_GATEWAY-SERVICE/192.168.247.129:GATEWAY-SERVICE:8989: registering service...
2022-05-16 20:37:53.072  INFO 654089 --- [DiscoveryClient-InstanceInfoReplicator-0] com.netflix.discovery.DiscoveryClient    : DiscoveryClient_GATEWAY-SERVICE/192.168.247.129:GATEWAY-SERVICE:8989 - registration status: 204
2022-05-16 20:37:55.152  INFO 654089 --- [SpringApplicationShutdownHook] com.netflix.discovery.DiscoveryClient    : Shutting down DiscoveryClient ...
2022-05-16 20:37:58.157  INFO 654089 --- [SpringApplicationShutdownHook] com.netflix.discovery.DiscoveryClient    : Unregistering ...
2022-05-16 20:37:58.164  INFO 654089 --- [SpringApplicationShutdownHook] com.netflix.discovery.DiscoveryClient    : DiscoveryClient_GATEWAY-SERVICE/192.168.247.129:GATEWAY-SERVICE:8989 - deregister  status: 200
2022-05-16 20:37:58.180  INFO 654089 --- [SpringApplicationShutdownHook] com.netflix.discovery.DiscoveryClient    : Completed shut down of DiscoveryClient
